<?xml version="1.0" encoding="UTF-8"?>
<!-- Generated by org.testng.reporters.JUnitReportReporter -->
<testsuite hostname="LAPTOP-SMIJQKJN" failures="0" tests="1" name="test.Test_05" time="17.864" errors="0" timestamp="2022-09-14T11:57:11 IST" skipped="0">
  <testcase classname="test.Test_05" name="tc_01" time="17.864"/>
  <system-out/>
</testsuite> <!-- test.Test_05 -->
