<?xml version="1.0" encoding="UTF-8"?>
<!-- Generated by org.testng.reporters.JUnitReportReporter -->
<testsuite hostname="LAPTOP-SMIJQKJN" failures="0" tests="1" name="test.NewTest_01" time="0.010" errors="0" timestamp="2022-09-14T11:56:04 IST" skipped="0">
  <testcase classname="test.NewTest_01" name="test01" time="0.010"/>
  <system-out/>
</testsuite> <!-- test.NewTest_01 -->
